<?xml version="1.0" encoding="UTF-8"?>
<!-- Generated by org.testng.reporters.JUnitReportReporter -->
<testsuite hostname="DESKTOP-12IN73T" failures="0" tests="1" name="TC001_AccessMainPage" time="5.196" errors="0" timestamp="2022-03-01T21:03:43 CET" skipped="0">
  <testcase classname="TC001_AccessMainPage" name="f" time="5.196"/>
  <system-out/>
</testsuite> <!-- TC001_AccessMainPage -->
