<?xml version="1.0" encoding="UTF-8"?>
<!-- Generated by org.testng.reporters.JUnitReportReporter -->
<testsuite hostname="DESKTOP-12IN73T" failures="0" tests="1" name="TC005_ValidateMillionStoriesAndExploreNewModels" time="116.697" errors="0" timestamp="2022-03-03T19:02:52 CET" skipped="0">
  <testcase classname="TC005_ValidateMillionStoriesAndExploreNewModels" name="f" time="116.697"/>
  <system-out/>
</testsuite> <!-- TC005_ValidateMillionStoriesAndExploreNewModels -->
