<?xml version="1.0" encoding="UTF-8"?>
<!-- Generated by org.testng.reporters.JUnitReportReporter -->
<testsuite hostname="DESKTOP-12IN73T" failures="0" tests="1" name="TC005_ValidateSafetyFeatures" time="11.724" errors="0" timestamp="2022-03-02T21:05:37 CET" skipped="0">
  <testcase classname="TC005_ValidateSafetyFeatures" name="f" time="11.724"/>
  <system-out/>
</testsuite> <!-- TC005_ValidateSafetyFeatures -->
