<?xml version="1.0" encoding="UTF-8"?>
<!-- Generated by org.testng.reporters.JUnitReportReporter -->
<testsuite hostname="DESKTOP-12IN73T" failures="0" tests="1" name="TC001_ValidateVolvoWebPage" time="14.054" errors="0" timestamp="2022-03-03T11:36:34 CET" skipped="0">
  <testcase classname="TC001_ValidateVolvoWebPage" name="f" time="14.054"/>
  <system-out/>
</testsuite> <!-- TC001_ValidateVolvoWebPage -->
