<?xml version="1.0" encoding="UTF-8"?>
<!-- Generated by org.testng.reporters.JUnitReportReporter -->
<testsuite hostname="DESKTOP-12IN73T" failures="0" tests="1" name="TC004_ValidateSafetyFeatures" time="14.000" errors="0" timestamp="2022-03-03T17:50:08 CET" skipped="0">
  <testcase classname="TC004_ValidateSafetyFeatures" name="f" time="14.000"/>
  <system-out/>
</testsuite> <!-- TC004_ValidateSafetyFeatures -->
