<?xml version="1.0" encoding="UTF-8"?>
<!-- Generated by org.testng.reporters.JUnitReportReporter -->
<testsuite hostname="DESKTOP-12IN73T" failures="0" tests="1" name="TC004_ValidateVolvoMainpage" time="13.185" errors="0" timestamp="2022-03-02T14:29:02 CET" skipped="0">
  <testcase classname="TC004_ValidateVolvoMainpage" name="f" time="13.185"/>
  <system-out/>
</testsuite> <!-- TC004_ValidateVolvoMainpage -->
